<?xml version="1.0" encoding="UTF-8"?>
<!-- Generated by org.testng.reporters.JUnitXMLReporter -->
<testsuite ignored="0" hostname="kamalShaheen" failures="0" tests="3" name="AppTest" time="39.919" errors="0" timestamp="2022-08-30T18:01:34 IDT">
  <testcase classname="KamalProject.tests.AppTest" name="submitOrder" time="5.945"/>
  <testcase classname="KamalProject.tests.AppTest" name="submitOrder" time="6.003"/>
  <testcase classname="KamalProject.tests.AppTest" name="orderHistoryTest" time="1.884"/>
</testsuite> <!-- AppTest -->
