<?xml version="1.0" encoding="UTF-8"?>
<!-- Generated by org.testng.reporters.JUnitXMLReporter -->
<testsuite ignored="0" hostname="kamalShaheen" failures="0" tests="3" name="AppTest" time="49.965" errors="0" timestamp="2022-08-31T09:48:34 IDT">
  <testcase classname="KamalProject.tests.AppTest" name="submitOrder" time="6.108"/>
  <testcase classname="KamalProject.tests.AppTest" name="submitOrder" time="6.913"/>
  <testcase classname="KamalProject.tests.AppTest" name="orderHistoryTest" time="1.744"/>
</testsuite> <!-- AppTest -->
