<?xml version="1.0" encoding="UTF-8"?>
<!-- Generated by org.testng.reporters.JUnitXMLReporter -->
<testsuite ignored="0" hostname="kamalShaheen" failures="0" tests="3" name="ErrorValidations" time="55.27" errors="0" timestamp="2022-08-31T09:48:39 IDT">
  <testcase classname="KamalProject.tests.ErrorValidations" name="LoginErrorVaildation" time="1.032"/>
  <testcase classname="KamalProject.tests.ErrorValidations" name="productErrorVaildation" time="14.52">
    <skipped/>
  </testcase> <!-- productErrorVaildation -->
  <testcase classname="KamalProject.tests.ErrorValidations" name="productErrorVaildation" time="3.935"/>
</testsuite> <!-- ErrorValidations -->
